STL translation to Solid Edge
Data: quinta-feira,junho 01,2023 07:00
Arquivo de origem:C:\Users\mayke\OneDrive\Área de Trabalho\Security-System-Mediated-by-Artificial-Intelligence---SSMAI\3D\locker\files\Rack_Holder.STL
Autor: Desconhecido
Organização: Desconhecido
Sistema de origem: DEX

Hardware:
Processador Intel(R) Core(TM) i5-7300HQ CPU @ 2.50GHz
Sistema operacional: Windows 10
Memória Instalada: 15,88 GB

Informações de software:
Versão do Parasolid: 34.0.153
Versão do PSBodyshop: 34.0.110
Versão do Solid Edge: 222.00.00.132 x64

STL Import Options
Corrigir Falhas da Malha:Desligado
Criar Feature Básica:Ligado
Habilitar login:Ligado

Progresso da conversão:
Processo de conversão concluído
Tempo requerido para converter:00 : 00 : 00
